  [1m[35m (0.4ms)[0m  [1m[34mSELECT sqlite_version(*)[0m
  ↳ bin/rails:9
  [1m[35m (1.3ms)[0m  [1m[35mCREATE TABLE "schema_migrations" ("version" varchar NOT NULL PRIMARY KEY)[0m
  ↳ bin/rails:9
  [1m[35m (1.2ms)[0m  [1m[35mCREATE TABLE "ar_internal_metadata" ("key" varchar NOT NULL PRIMARY KEY, "value" varchar, "created_at" datetime NOT NULL, "updated_at" datetime NOT NULL)[0m
  ↳ bin/rails:9
  [1m[35m (0.1ms)[0m  [1m[34mSELECT "schema_migrations"."version" FROM "schema_migrations" ORDER BY "schema_migrations"."version" ASC[0m
  ↳ bin/rails:9
Migrating to CreateUsers (20190630113436)
  [1m[35m (0.0ms)[0m  [1m[36mbegin transaction[0m
  ↳ bin/rails:9
  [1m[35m (0.5ms)[0m  [1m[35mCREATE TABLE "users" ("id" integer PRIMARY KEY AUTOINCREMENT NOT NULL, "username" varchar NOT NULL)[0m
  ↳ db/migrate/20190630113436_create_users.rb:3
  [1m[35m (0.2ms)[0m  [1m[35mCREATE UNIQUE INDEX "index_users_on_username" ON "users" ("username")[0m
  ↳ db/migrate/20190630113436_create_users.rb:6
  [1m[36mActiveRecord::SchemaMigration Create (0.3ms)[0m  [1m[32mINSERT INTO "schema_migrations" ("version") VALUES (?)[0m  [["version", "20190630113436"]]
  ↳ bin/rails:9
  [1m[35m (1.0ms)[0m  [1m[36mcommit transaction[0m
  ↳ bin/rails:9
  [1m[36mActiveRecord::InternalMetadata Load (0.3ms)[0m  [1m[34mSELECT  "ar_internal_metadata".* FROM "ar_internal_metadata" WHERE "ar_internal_metadata"."key" = ? LIMIT ?[0m  [["key", "environment"], ["LIMIT", 1]]
  ↳ bin/rails:9
  [1m[35m (0.1ms)[0m  [1m[36mbegin transaction[0m
  ↳ bin/rails:9
  [1m[36mActiveRecord::InternalMetadata Create (0.3ms)[0m  [1m[32mINSERT INTO "ar_internal_metadata" ("key", "value", "created_at", "updated_at") VALUES (?, ?, ?, ?)[0m  [["key", "environment"], ["value", "development"], ["created_at", "2019-06-30 11:38:35.077723"], ["updated_at", "2019-06-30 11:38:35.077723"]]
  ↳ bin/rails:9
  [1m[35m (0.6ms)[0m  [1m[36mcommit transaction[0m
  ↳ bin/rails:9
  [1m[35m (0.1ms)[0m  [1m[34mSELECT "schema_migrations"."version" FROM "schema_migrations" ORDER BY "schema_migrations"."version" ASC[0m
  ↳ bin/rails:9
  [1m[35m (0.5ms)[0m  [1m[34mSELECT "schema_migrations"."version" FROM "schema_migrations" ORDER BY "schema_migrations"."version" ASC[0m
  ↳ bin/rails:9
  [1m[35m (0.1ms)[0m  [1m[34mSELECT "schema_migrations"."version" FROM "schema_migrations" ORDER BY "schema_migrations"."version" ASC[0m
  ↳ bin/rails:9
  [1m[35m (0.1ms)[0m  [1m[34mSELECT "schema_migrations"."version" FROM "schema_migrations" ORDER BY "schema_migrations"."version" ASC[0m
  ↳ bin/rails:9
  [1m[35m (0.1ms)[0m  [1m[34mSELECT "schema_migrations"."version" FROM "schema_migrations" ORDER BY "schema_migrations"."version" ASC[0m
  ↳ bin/rails:9
Migrating to CreateUsers (20190630113436)
  [1m[35m (0.1ms)[0m  [1m[36mbegin transaction[0m
  ↳ bin/rails:9
  [1m[35m (0.9ms)[0m  [1m[35mDROP INDEX "index_users_on_username"[0m
  ↳ bin/rails:9
  [1m[35m (0.8ms)[0m  [1m[35mDROP TABLE "users"[0m
  ↳ bin/rails:9
  [1m[36mActiveRecord::SchemaMigration Destroy (0.5ms)[0m  [1m[31mDELETE FROM "schema_migrations" WHERE "schema_migrations"."version" = ?[0m  [["version", "20190630113436"]]
  ↳ bin/rails:9
  [1m[35m (1.1ms)[0m  [1m[36mcommit transaction[0m
  ↳ bin/rails:9
  [1m[35m (0.1ms)[0m  [1m[34mSELECT "schema_migrations"."version" FROM "schema_migrations" ORDER BY "schema_migrations"."version" ASC[0m
  ↳ bin/rails:9
  [1m[35m (0.5ms)[0m  [1m[34mSELECT "schema_migrations"."version" FROM "schema_migrations" ORDER BY "schema_migrations"."version" ASC[0m
  ↳ bin/rails:9
Migrating to CreateUsers (20190630113436)
  [1m[35m (0.1ms)[0m  [1m[36mbegin transaction[0m
  ↳ bin/rails:9
  [1m[35m (0.1ms)[0m  [1m[34mSELECT sqlite_version(*)[0m
  ↳ db/migrate/20190630113436_create_users.rb:3
  [1m[35m (0.7ms)[0m  [1m[35mCREATE TABLE "users" ("id" integer PRIMARY KEY AUTOINCREMENT NOT NULL, "username" varchar NOT NULL, "created_at" datetime NOT NULL, "updated_at" datetime NOT NULL)[0m
  ↳ db/migrate/20190630113436_create_users.rb:3
  [1m[35m (0.1ms)[0m  [1m[35mCREATE UNIQUE INDEX "index_users_on_username" ON "users" ("username")[0m
  ↳ db/migrate/20190630113436_create_users.rb:7
  [1m[36mActiveRecord::SchemaMigration Create (0.6ms)[0m  [1m[32mINSERT INTO "schema_migrations" ("version") VALUES (?)[0m  [["version", "20190630113436"]]
  ↳ bin/rails:9
  [1m[35m (2.3ms)[0m  [1m[36mcommit transaction[0m
  ↳ bin/rails:9
Migrating to CreateArtworks (20190630113900)
  [1m[35m (0.1ms)[0m  [1m[36mbegin transaction[0m
  ↳ bin/rails:9
  [1m[35m (0.5ms)[0m  [1m[35mCREATE TABLE "artworks" ("id" integer PRIMARY KEY AUTOINCREMENT NOT NULL, "title" varchar NOT NULL, "image_url" varchar NOT NULL, "artist_id" integer NOT NULL, "created_at" datetime NOT NULL, "updated_at" datetime NOT NULL)[0m
  ↳ db/migrate/20190630113900_create_artworks.rb:3
  [1m[35m (0.1ms)[0m  [1m[35mCREATE UNIQUE INDEX "index_artworks_on_artist_id_and_title" ON "artworks" ("artist_id", "title")[0m
  ↳ db/migrate/20190630113900_create_artworks.rb:9
  [1m[35m (0.1ms)[0m  [1m[35mCREATE  INDEX "index_artworks_on_artist_id" ON "artworks" ("artist_id")[0m
  ↳ db/migrate/20190630113900_create_artworks.rb:10
  [1m[36mActiveRecord::SchemaMigration Create (0.2ms)[0m  [1m[32mINSERT INTO "schema_migrations" ("version") VALUES (?)[0m  [["version", "20190630113900"]]
  ↳ bin/rails:9
  [1m[35m (1.1ms)[0m  [1m[36mcommit transaction[0m
  ↳ bin/rails:9
  [1m[36mActiveRecord::InternalMetadata Load (0.7ms)[0m  [1m[34mSELECT  "ar_internal_metadata".* FROM "ar_internal_metadata" WHERE "ar_internal_metadata"."key" = ? LIMIT ?[0m  [["key", "environment"], ["LIMIT", 1]]
  ↳ bin/rails:9
  [1m[35m (0.2ms)[0m  [1m[36mbegin transaction[0m
  ↳ bin/rails:9
  [1m[35m (0.1ms)[0m  [1m[36mcommit transaction[0m
  ↳ bin/rails:9
  [1m[35m (0.3ms)[0m  [1m[34mSELECT "schema_migrations"."version" FROM "schema_migrations" ORDER BY "schema_migrations"."version" ASC[0m
  ↳ bin/rails:9
  [1m[35m (0.1ms)[0m  [1m[34mSELECT "schema_migrations"."version" FROM "schema_migrations" ORDER BY "schema_migrations"."version" ASC[0m
  ↳ bin/rails:9
Migrating to CreateArtworkShares (20190630115000)
  [1m[35m (0.1ms)[0m  [1m[36mbegin transaction[0m
  ↳ bin/rails:9
  [1m[35m (0.3ms)[0m  [1m[34mSELECT sqlite_version(*)[0m
  ↳ db/migrate/20190630115000_create_artwork_shares.rb:3
  [1m[35m (0.8ms)[0m  [1m[35mCREATE TABLE "artwork_shares" ("id" integer PRIMARY KEY AUTOINCREMENT NOT NULL, "artwork_id" integer NOT NULL, "viewer_id" integer NOT NULL, "created_at" datetime NOT NULL, "updated_at" datetime NOT NULL)[0m
  ↳ db/migrate/20190630115000_create_artwork_shares.rb:3
  [1m[35m (0.3ms)[0m  [1m[35mCREATE  INDEX "index_artwork_shares_on_artwork_id" ON "artwork_shares" ("artwork_id")[0m
  ↳ db/migrate/20190630115000_create_artwork_shares.rb:8
  [1m[35m (0.1ms)[0m  [1m[35mCREATE  INDEX "index_artwork_shares_on_viewer_id" ON "artwork_shares" ("viewer_id")[0m
  ↳ db/migrate/20190630115000_create_artwork_shares.rb:9
  [1m[35m (0.2ms)[0m  [1m[35mCREATE UNIQUE INDEX "index_artwork_shares_on_artwork_id_and_viewer_id" ON "artwork_shares" ("artwork_id", "viewer_id")[0m
  ↳ db/migrate/20190630115000_create_artwork_shares.rb:10
  [1m[36mActiveRecord::SchemaMigration Create (0.2ms)[0m  [1m[32mINSERT INTO "schema_migrations" ("version") VALUES (?)[0m  [["version", "20190630115000"]]
  ↳ bin/rails:9
  [1m[35m (2.4ms)[0m  [1m[36mcommit transaction[0m
  ↳ bin/rails:9
  [1m[36mActiveRecord::InternalMetadata Load (0.2ms)[0m  [1m[34mSELECT  "ar_internal_metadata".* FROM "ar_internal_metadata" WHERE "ar_internal_metadata"."key" = ? LIMIT ?[0m  [["key", "environment"], ["LIMIT", 1]]
  ↳ bin/rails:9
  [1m[35m (0.1ms)[0m  [1m[36mbegin transaction[0m
  ↳ bin/rails:9
  [1m[35m (0.1ms)[0m  [1m[36mcommit transaction[0m
  ↳ bin/rails:9
  [1m[35m (0.4ms)[0m  [1m[34mSELECT "schema_migrations"."version" FROM "schema_migrations" ORDER BY "schema_migrations"."version" ASC[0m
  ↳ bin/rails:9
  [1m[35m (0.7ms)[0m  [1m[34mSELECT "schema_migrations"."version" FROM "schema_migrations" ORDER BY "schema_migrations"."version" ASC[0m
  ↳ bin/rails:9
  [1m[35m (0.1ms)[0m  [1m[36mbegin transaction[0m
  ↳ db/seeds.rb:8
  [1m[36mUser Exists (0.6ms)[0m  [1m[34mSELECT  1 AS one FROM "users" WHERE "users"."username" = ? LIMIT ?[0m  [["username", "picasso"], ["LIMIT", 1]]
  ↳ db/seeds.rb:10
  [1m[36mUser Create (1.4ms)[0m  [1m[32mINSERT INTO "users" ("username", "created_at", "updated_at") VALUES (?, ?, ?)[0m  [["username", "picasso"], ["created_at", "2019-06-30 12:18:53.279788"], ["updated_at", "2019-06-30 12:18:53.279788"]]
  ↳ db/seeds.rb:10
  [1m[36mUser Exists (0.1ms)[0m  [1m[34mSELECT  1 AS one FROM "users" WHERE "users"."username" = ? LIMIT ?[0m  [["username", "vangogh"], ["LIMIT", 1]]
  ↳ db/seeds.rb:11
  [1m[36mUser Create (0.1ms)[0m  [1m[32mINSERT INTO "users" ("username", "created_at", "updated_at") VALUES (?, ?, ?)[0m  [["username", "vangogh"], ["created_at", "2019-06-30 12:18:53.283351"], ["updated_at", "2019-06-30 12:18:53.283351"]]
  ↳ db/seeds.rb:11
  [1m[36mUser Exists (0.1ms)[0m  [1m[34mSELECT  1 AS one FROM "users" WHERE "users"."username" = ? LIMIT ?[0m  [["username", "leonardo"], ["LIMIT", 1]]
  ↳ db/seeds.rb:12
  [1m[36mUser Create (0.1ms)[0m  [1m[32mINSERT INTO "users" ("username", "created_at", "updated_at") VALUES (?, ?, ?)[0m  [["username", "leonardo"], ["created_at", "2019-06-30 12:18:53.284537"], ["updated_at", "2019-06-30 12:18:53.284537"]]
  ↳ db/seeds.rb:12
  [1m[36mUser Exists (0.1ms)[0m  [1m[34mSELECT  1 AS one FROM "users" WHERE "users"."username" = ? LIMIT ?[0m  [["username", "superbryan"], ["LIMIT", 1]]
  ↳ db/seeds.rb:13
  [1m[36mUser Create (0.1ms)[0m  [1m[32mINSERT INTO "users" ("username", "created_at", "updated_at") VALUES (?, ?, ?)[0m  [["username", "superbryan"], ["created_at", "2019-06-30 12:18:53.285588"], ["updated_at", "2019-06-30 12:18:53.285588"]]
  ↳ db/seeds.rb:13
  [1m[36mUser Exists (0.1ms)[0m  [1m[34mSELECT  1 AS one FROM "users" WHERE "users"."username" = ? LIMIT ?[0m  [["username", "paulhahaha"], ["LIMIT", 1]]
  ↳ db/seeds.rb:14
  [1m[36mUser Create (0.1ms)[0m  [1m[32mINSERT INTO "users" ("username", "created_at", "updated_at") VALUES (?, ?, ?)[0m  [["username", "paulhahaha"], ["created_at", "2019-06-30 12:18:53.286719"], ["updated_at", "2019-06-30 12:18:53.286719"]]
  ↳ db/seeds.rb:14
  [1m[36mArtwork Exists (0.3ms)[0m  [1m[34mSELECT  1 AS one FROM "artworks" WHERE "artworks"."title" = ? AND "artworks"."artist_id" = ? LIMIT ?[0m  [["title", "Starry Night"], ["artist_id", 2], ["LIMIT", 1]]
  ↳ db/seeds.rb:17
  [1m[36mUser Load (0.1ms)[0m  [1m[34mSELECT  "users".* FROM "users" WHERE "users"."id" = ? LIMIT ?[0m  [["id", 2], ["LIMIT", 1]]
  ↳ db/seeds.rb:17
  [1m[36mArtwork Create (0.9ms)[0m  [1m[32mINSERT INTO "artworks" ("title", "image_url", "artist_id", "created_at", "updated_at") VALUES (?, ?, ?, ?, ?)[0m  [["title", "Starry Night"], ["image_url", "starry_night.jpg"], ["artist_id", 2], ["created_at", "2019-06-30 12:18:53.311072"], ["updated_at", "2019-06-30 12:18:53.311072"]]
  ↳ db/seeds.rb:17
  [1m[36mArtwork Exists (0.1ms)[0m  [1m[34mSELECT  1 AS one FROM "artworks" WHERE "artworks"."title" = ? AND "artworks"."artist_id" = ? LIMIT ?[0m  [["title", "Mona Lisa"], ["artist_id", 3], ["LIMIT", 1]]
  ↳ db/seeds.rb:18
  [1m[36mUser Load (0.0ms)[0m  [1m[34mSELECT  "users".* FROM "users" WHERE "users"."id" = ? LIMIT ?[0m  [["id", 3], ["LIMIT", 1]]
  ↳ db/seeds.rb:18
  [1m[36mArtwork Create (0.1ms)[0m  [1m[32mINSERT INTO "artworks" ("title", "image_url", "artist_id", "created_at", "updated_at") VALUES (?, ?, ?, ?, ?)[0m  [["title", "Mona Lisa"], ["image_url", "mona_lisa.jpg"], ["artist_id", 3], ["created_at", "2019-06-30 12:18:53.315585"], ["updated_at", "2019-06-30 12:18:53.315585"]]
  ↳ db/seeds.rb:18
  [1m[36mArtwork Exists (0.1ms)[0m  [1m[34mSELECT  1 AS one FROM "artworks" WHERE "artworks"."title" = ? AND "artworks"."artist_id" = ? LIMIT ?[0m  [["title", "Guernica"], ["artist_id", 1], ["LIMIT", 1]]
  ↳ db/seeds.rb:19
  [1m[36mUser Load (0.0ms)[0m  [1m[34mSELECT  "users".* FROM "users" WHERE "users"."id" = ? LIMIT ?[0m  [["id", 1], ["LIMIT", 1]]
  ↳ db/seeds.rb:19
  [1m[36mArtwork Create (0.1ms)[0m  [1m[32mINSERT INTO "artworks" ("title", "image_url", "artist_id", "created_at", "updated_at") VALUES (?, ?, ?, ?, ?)[0m  [["title", "Guernica"], ["image_url", "guernica.jpg"], ["artist_id", 1], ["created_at", "2019-06-30 12:18:53.318476"], ["updated_at", "2019-06-30 12:18:53.318476"]]
  ↳ db/seeds.rb:19
  [1m[35m (0.4ms)[0m  [1m[31mrollback transaction[0m
  ↳ db/seeds.rb:8
  [1m[35m (0.2ms)[0m  [1m[34mSELECT "schema_migrations"."version" FROM "schema_migrations" ORDER BY "schema_migrations"."version" ASC[0m
  ↳ bin/rails:9
  [1m[35m (0.3ms)[0m  [1m[36mbegin transaction[0m
  ↳ db/seeds.rb:8
  [1m[36mUser Exists (0.1ms)[0m  [1m[34mSELECT  1 AS one FROM "users" WHERE "users"."username" = ? LIMIT ?[0m  [["username", "picasso"], ["LIMIT", 1]]
  ↳ db/seeds.rb:10
  [1m[36mUser Create (0.4ms)[0m  [1m[32mINSERT INTO "users" ("username", "created_at", "updated_at") VALUES (?, ?, ?)[0m  [["username", "picasso"], ["created_at", "2019-06-30 12:19:37.072690"], ["updated_at", "2019-06-30 12:19:37.072690"]]
  ↳ db/seeds.rb:10
  [1m[36mUser Exists (0.1ms)[0m  [1m[34mSELECT  1 AS one FROM "users" WHERE "users"."username" = ? LIMIT ?[0m  [["username", "vangogh"], ["LIMIT", 1]]
  ↳ db/seeds.rb:11
  [1m[36mUser Create (0.1ms)[0m  [1m[32mINSERT INTO "users" ("username", "created_at", "updated_at") VALUES (?, ?, ?)[0m  [["username", "vangogh"], ["created_at", "2019-06-30 12:19:37.074563"], ["updated_at", "2019-06-30 12:19:37.074563"]]
  ↳ db/seeds.rb:11
  [1m[36mUser Exists (0.0ms)[0m  [1m[34mSELECT  1 AS one FROM "users" WHERE "users"."username" = ? LIMIT ?[0m  [["username", "leonardo"], ["LIMIT", 1]]
  ↳ db/seeds.rb:12
  [1m[36mUser Create (0.0ms)[0m  [1m[32mINSERT INTO "users" ("username", "created_at", "updated_at") VALUES (?, ?, ?)[0m  [["username", "leonardo"], ["created_at", "2019-06-30 12:19:37.075680"], ["updated_at", "2019-06-30 12:19:37.075680"]]
  ↳ db/seeds.rb:12
  [1m[36mUser Exists (0.0ms)[0m  [1m[34mSELECT  1 AS one FROM "users" WHERE "users"."username" = ? LIMIT ?[0m  [["username", "superbryan"], ["LIMIT", 1]]
  ↳ db/seeds.rb:13
  [1m[36mUser Create (0.0ms)[0m  [1m[32mINSERT INTO "users" ("username", "created_at", "updated_at") VALUES (?, ?, ?)[0m  [["username", "superbryan"], ["created_at", "2019-06-30 12:19:37.076648"], ["updated_at", "2019-06-30 12:19:37.076648"]]
  ↳ db/seeds.rb:13
  [1m[36mUser Exists (0.0ms)[0m  [1m[34mSELECT  1 AS one FROM "users" WHERE "users"."username" = ? LIMIT ?[0m  [["username", "paulhahaha"], ["LIMIT", 1]]
  ↳ db/seeds.rb:14
  [1m[36mUser Create (0.0ms)[0m  [1m[32mINSERT INTO "users" ("username", "created_at", "updated_at") VALUES (?, ?, ?)[0m  [["username", "paulhahaha"], ["created_at", "2019-06-30 12:19:37.077594"], ["updated_at", "2019-06-30 12:19:37.077594"]]
  ↳ db/seeds.rb:14
  [1m[36mArtwork Exists (0.2ms)[0m  [1m[34mSELECT  1 AS one FROM "artworks" WHERE "artworks"."title" = ? AND "artworks"."artist_id" = ? LIMIT ?[0m  [["title", "Starry Night"], ["artist_id", 2], ["LIMIT", 1]]
  ↳ db/seeds.rb:17
  [1m[36mUser Load (0.1ms)[0m  [1m[34mSELECT  "users".* FROM "users" WHERE "users"."id" = ? LIMIT ?[0m  [["id", 2], ["LIMIT", 1]]
  ↳ db/seeds.rb:17
  [1m[36mArtwork Create (0.2ms)[0m  [1m[32mINSERT INTO "artworks" ("title", "image_url", "artist_id", "created_at", "updated_at") VALUES (?, ?, ?, ?, ?)[0m  [["title", "Starry Night"], ["image_url", "starry_night.jpg"], ["artist_id", 2], ["created_at", "2019-06-30 12:19:37.098236"], ["updated_at", "2019-06-30 12:19:37.098236"]]
  ↳ db/seeds.rb:17
  [1m[36mArtwork Exists (0.1ms)[0m  [1m[34mSELECT  1 AS one FROM "artworks" WHERE "artworks"."title" = ? AND "artworks"."artist_id" = ? LIMIT ?[0m  [["title", "Mona Lisa"], ["artist_id", 3], ["LIMIT", 1]]
  ↳ db/seeds.rb:18
  [1m[36mUser Load (0.0ms)[0m  [1m[34mSELECT  "users".* FROM "users" WHERE "users"."id" = ? LIMIT ?[0m  [["id", 3], ["LIMIT", 1]]
  ↳ db/seeds.rb:18
  [1m[36mArtwork Create (0.3ms)[0m  [1m[32mINSERT INTO "artworks" ("title", "image_url", "artist_id", "created_at", "updated_at") VALUES (?, ?, ?, ?, ?)[0m  [["title", "Mona Lisa"], ["image_url", "mona_lisa.jpg"], ["artist_id", 3], ["created_at", "2019-06-30 12:19:37.101192"], ["updated_at", "2019-06-30 12:19:37.101192"]]
  ↳ db/seeds.rb:18
  [1m[36mArtwork Exists (0.1ms)[0m  [1m[34mSELECT  1 AS one FROM "artworks" WHERE "artworks"."title" = ? AND "artworks"."artist_id" = ? LIMIT ?[0m  [["title", "Guernica"], ["artist_id", 1], ["LIMIT", 1]]
  ↳ db/seeds.rb:19
  [1m[36mUser Load (0.0ms)[0m  [1m[34mSELECT  "users".* FROM "users" WHERE "users"."id" = ? LIMIT ?[0m  [["id", 1], ["LIMIT", 1]]
  ↳ db/seeds.rb:19
  [1m[36mArtwork Create (0.1ms)[0m  [1m[32mINSERT INTO "artworks" ("title", "image_url", "artist_id", "created_at", "updated_at") VALUES (?, ?, ?, ?, ?)[0m  [["title", "Guernica"], ["image_url", "guernica.jpg"], ["artist_id", 1], ["created_at", "2019-06-30 12:19:37.103459"], ["updated_at", "2019-06-30 12:19:37.103459"]]
  ↳ db/seeds.rb:19
  [1m[36mArtworkShare Exists (1.8ms)[0m  [1m[34mSELECT  1 AS one FROM "artwork_shares" WHERE "artwork_shares"."artwork_id" = ? AND "artwork_shares"."viewer_id" = ? LIMIT ?[0m  [["artwork_id", 2], ["viewer_id", 4], ["LIMIT", 1]]
  ↳ db/seeds.rb:21
  [1m[36mUser Load (0.1ms)[0m  [1m[34mSELECT  "users".* FROM "users" WHERE "users"."id" = ? LIMIT ?[0m  [["id", 4], ["LIMIT", 1]]
  ↳ db/seeds.rb:21
  [1m[36mArtwork Load (0.1ms)[0m  [1m[34mSELECT  "artworks".* FROM "artworks" WHERE "artworks"."id" = ? LIMIT ?[0m  [["id", 2], ["LIMIT", 1]]
  ↳ db/seeds.rb:21
  [1m[36mArtworkShare Create (1.8ms)[0m  [1m[32mINSERT INTO "artwork_shares" ("artwork_id", "viewer_id", "created_at", "updated_at") VALUES (?, ?, ?, ?)[0m  [["artwork_id", 2], ["viewer_id", 4], ["created_at", "2019-06-30 12:19:37.118374"], ["updated_at", "2019-06-30 12:19:37.118374"]]
  ↳ db/seeds.rb:21
  [1m[35m (0.7ms)[0m  [1m[31mrollback transaction[0m
  ↳ db/seeds.rb:8
  [1m[35m (0.2ms)[0m  [1m[34mSELECT "schema_migrations"."version" FROM "schema_migrations" ORDER BY "schema_migrations"."version" ASC[0m
  ↳ bin/rails:9
  [1m[35m (0.1ms)[0m  [1m[36mbegin transaction[0m
  ↳ db/seeds.rb:8
  [1m[36mUser Exists (0.1ms)[0m  [1m[34mSELECT  1 AS one FROM "users" WHERE "users"."username" = ? LIMIT ?[0m  [["username", "picasso"], ["LIMIT", 1]]
  ↳ db/seeds.rb:10
  [1m[36mUser Create (0.3ms)[0m  [1m[32mINSERT INTO "users" ("username", "created_at", "updated_at") VALUES (?, ?, ?)[0m  [["username", "picasso"], ["created_at", "2019-06-30 12:19:52.179977"], ["updated_at", "2019-06-30 12:19:52.179977"]]
  ↳ db/seeds.rb:10
  [1m[36mUser Exists (0.1ms)[0m  [1m[34mSELECT  1 AS one FROM "users" WHERE "users"."username" = ? LIMIT ?[0m  [["username", "vangogh"], ["LIMIT", 1]]
  ↳ db/seeds.rb:11
  [1m[36mUser Create (0.1ms)[0m  [1m[32mINSERT INTO "users" ("username", "created_at", "updated_at") VALUES (?, ?, ?)[0m  [["username", "vangogh"], ["created_at", "2019-06-30 12:19:52.181847"], ["updated_at", "2019-06-30 12:19:52.181847"]]
  ↳ db/seeds.rb:11
  [1m[36mUser Exists (0.1ms)[0m  [1m[34mSELECT  1 AS one FROM "users" WHERE "users"."username" = ? LIMIT ?[0m  [["username", "leonardo"], ["LIMIT", 1]]
  ↳ db/seeds.rb:12
  [1m[36mUser Create (0.1ms)[0m  [1m[32mINSERT INTO "users" ("username", "created_at", "updated_at") VALUES (?, ?, ?)[0m  [["username", "leonardo"], ["created_at", "2019-06-30 12:19:52.183057"], ["updated_at", "2019-06-30 12:19:52.183057"]]
  ↳ db/seeds.rb:12
  [1m[36mUser Exists (0.1ms)[0m  [1m[34mSELECT  1 AS one FROM "users" WHERE "users"."username" = ? LIMIT ?[0m  [["username", "superbryan"], ["LIMIT", 1]]
  ↳ db/seeds.rb:13
  [1m[36mUser Create (0.1ms)[0m  [1m[32mINSERT INTO "users" ("username", "created_at", "updated_at") VALUES (?, ?, ?)[0m  [["username", "superbryan"], ["created_at", "2019-06-30 12:19:52.184356"], ["updated_at", "2019-06-30 12:19:52.184356"]]
  ↳ db/seeds.rb:13
  [1m[36mUser Exists (0.1ms)[0m  [1m[34mSELECT  1 AS one FROM "users" WHERE "users"."username" = ? LIMIT ?[0m  [["username", "paulhahaha"], ["LIMIT", 1]]
  ↳ db/seeds.rb:14
  [1m[36mUser Create (0.1ms)[0m  [1m[32mINSERT INTO "users" ("username", "created_at", "updated_at") VALUES (?, ?, ?)[0m  [["username", "paulhahaha"], ["created_at", "2019-06-30 12:19:52.185756"], ["updated_at", "2019-06-30 12:19:52.185756"]]
  ↳ db/seeds.rb:14
  [1m[36mArtwork Exists (0.1ms)[0m  [1m[34mSELECT  1 AS one FROM "artworks" WHERE "artworks"."title" = ? AND "artworks"."artist_id" = ? LIMIT ?[0m  [["title", "Starry Night"], ["artist_id", 2], ["LIMIT", 1]]
  ↳ db/seeds.rb:17
  [1m[36mUser Load (0.1ms)[0m  [1m[34mSELECT  "users".* FROM "users" WHERE "users"."id" = ? LIMIT ?[0m  [["id", 2], ["LIMIT", 1]]
  ↳ db/seeds.rb:17
  [1m[36mArtwork Create (0.2ms)[0m  [1m[32mINSERT INTO "artworks" ("title", "image_url", "artist_id", "created_at", "updated_at") VALUES (?, ?, ?, ?, ?)[0m  [["title", "Starry Night"], ["image_url", "starry_night.jpg"], ["artist_id", 2], ["created_at", "2019-06-30 12:19:52.205959"], ["updated_at", "2019-06-30 12:19:52.205959"]]
  ↳ db/seeds.rb:17
  [1m[36mArtwork Exists (0.1ms)[0m  [1m[34mSELECT  1 AS one FROM "artworks" WHERE "artworks"."title" = ? AND "artworks"."artist_id" = ? LIMIT ?[0m  [["title", "Mona Lisa"], ["artist_id", 3], ["LIMIT", 1]]
  ↳ db/seeds.rb:18
  [1m[36mUser Load (0.0ms)[0m  [1m[34mSELECT  "users".* FROM "users" WHERE "users"."id" = ? LIMIT ?[0m  [["id", 3], ["LIMIT", 1]]
  ↳ db/seeds.rb:18
  [1m[36mArtwork Create (0.1ms)[0m  [1m[32mINSERT INTO "artworks" ("title", "image_url", "artist_id", "created_at", "updated_at") VALUES (?, ?, ?, ?, ?)[0m  [["title", "Mona Lisa"], ["image_url", "mona_lisa.jpg"], ["artist_id", 3], ["created_at", "2019-06-30 12:19:52.208687"], ["updated_at", "2019-06-30 12:19:52.208687"]]
  ↳ db/seeds.rb:18
  [1m[36mArtwork Exists (0.1ms)[0m  [1m[34mSELECT  1 AS one FROM "artworks" WHERE "artworks"."title" = ? AND "artworks"."artist_id" = ? LIMIT ?[0m  [["title", "Guernica"], ["artist_id", 1], ["LIMIT", 1]]
  ↳ db/seeds.rb:19
  [1m[36mUser Load (0.0ms)[0m  [1m[34mSELECT  "users".* FROM "users" WHERE "users"."id" = ? LIMIT ?[0m  [["id", 1], ["LIMIT", 1]]
  ↳ db/seeds.rb:19
  [1m[36mArtwork Create (0.3ms)[0m  [1m[32mINSERT INTO "artworks" ("title", "image_url", "artist_id", "created_at", "updated_at") VALUES (?, ?, ?, ?, ?)[0m  [["title", "Guernica"], ["image_url", "guernica.jpg"], ["artist_id", 1], ["created_at", "2019-06-30 12:19:52.211892"], ["updated_at", "2019-06-30 12:19:52.211892"]]
  ↳ db/seeds.rb:19
  [1m[36mArtworkShare Exists (0.1ms)[0m  [1m[34mSELECT  1 AS one FROM "artwork_shares" WHERE "artwork_shares"."artwork_id" = ? AND "artwork_shares"."viewer_id" = ? LIMIT ?[0m  [["artwork_id", 2], ["viewer_id", 4], ["LIMIT", 1]]
  ↳ db/seeds.rb:21
  [1m[36mUser Load (0.1ms)[0m  [1m[34mSELECT  "users".* FROM "users" WHERE "users"."id" = ? LIMIT ?[0m  [["id", 4], ["LIMIT", 1]]
  ↳ db/seeds.rb:21
  [1m[36mArtwork Load (0.1ms)[0m  [1m[34mSELECT  "artworks".* FROM "artworks" WHERE "artworks"."id" = ? LIMIT ?[0m  [["id", 2], ["LIMIT", 1]]
  ↳ db/seeds.rb:21
  [1m[36mArtworkShare Create (0.2ms)[0m  [1m[32mINSERT INTO "artwork_shares" ("artwork_id", "viewer_id", "created_at", "updated_at") VALUES (?, ?, ?, ?)[0m  [["artwork_id", 2], ["viewer_id", 4], ["created_at", "2019-06-30 12:19:52.226138"], ["updated_at", "2019-06-30 12:19:52.226138"]]
  ↳ db/seeds.rb:21
  [1m[35m (1.9ms)[0m  [1m[31mrollback transaction[0m
  ↳ db/seeds.rb:8
  [1m[35m (0.1ms)[0m  [1m[34mSELECT "schema_migrations"."version" FROM "schema_migrations" ORDER BY "schema_migrations"."version" ASC[0m
  ↳ bin/rails:9
  [1m[35m (0.0ms)[0m  [1m[36mbegin transaction[0m
  ↳ db/seeds.rb:8
  [1m[36mUser Exists (0.1ms)[0m  [1m[34mSELECT  1 AS one FROM "users" WHERE "users"."username" = ? LIMIT ?[0m  [["username", "picasso"], ["LIMIT", 1]]
  ↳ db/seeds.rb:10
  [1m[36mUser Create (0.3ms)[0m  [1m[32mINSERT INTO "users" ("username", "created_at", "updated_at") VALUES (?, ?, ?)[0m  [["username", "picasso"], ["created_at", "2019-06-30 12:20:15.471386"], ["updated_at", "2019-06-30 12:20:15.471386"]]
  ↳ db/seeds.rb:10
  [1m[36mUser Exists (0.1ms)[0m  [1m[34mSELECT  1 AS one FROM "users" WHERE "users"."username" = ? LIMIT ?[0m  [["username", "vangogh"], ["LIMIT", 1]]
  ↳ db/seeds.rb:11
  [1m[36mUser Create (0.1ms)[0m  [1m[32mINSERT INTO "users" ("username", "created_at", "updated_at") VALUES (?, ?, ?)[0m  [["username", "vangogh"], ["created_at", "2019-06-30 12:20:15.473083"], ["updated_at", "2019-06-30 12:20:15.473083"]]
  ↳ db/seeds.rb:11
  [1m[36mUser Exists (0.1ms)[0m  [1m[34mSELECT  1 AS one FROM "users" WHERE "users"."username" = ? LIMIT ?[0m  [["username", "leonardo"], ["LIMIT", 1]]
  ↳ db/seeds.rb:12
  [1m[36mUser Create (0.0ms)[0m  [1m[32mINSERT INTO "users" ("username", "created_at", "updated_at") VALUES (?, ?, ?)[0m  [["username", "leonardo"], ["created_at", "2019-06-30 12:20:15.474138"], ["updated_at", "2019-06-30 12:20:15.474138"]]
  ↳ db/seeds.rb:12
  [1m[36mUser Exists (0.0ms)[0m  [1m[34mSELECT  1 AS one FROM "users" WHERE "users"."username" = ? LIMIT ?[0m  [["username", "superbryan"], ["LIMIT", 1]]
  ↳ db/seeds.rb:13
  [1m[36mUser Create (0.0ms)[0m  [1m[32mINSERT INTO "users" ("username", "created_at", "updated_at") VALUES (?, ?, ?)[0m  [["username", "superbryan"], ["created_at", "2019-06-30 12:20:15.475146"], ["updated_at", "2019-06-30 12:20:15.475146"]]
  ↳ db/seeds.rb:13
  [1m[36mUser Exists (0.1ms)[0m  [1m[34mSELECT  1 AS one FROM "users" WHERE "users"."username" = ? LIMIT ?[0m  [["username", "paulhahaha"], ["LIMIT", 1]]
  ↳ db/seeds.rb:14
  [1m[36mUser Create (0.1ms)[0m  [1m[32mINSERT INTO "users" ("username", "created_at", "updated_at") VALUES (?, ?, ?)[0m  [["username", "paulhahaha"], ["created_at", "2019-06-30 12:20:15.476232"], ["updated_at", "2019-06-30 12:20:15.476232"]]
  ↳ db/seeds.rb:14
  [1m[36mArtwork Exists (0.1ms)[0m  [1m[34mSELECT  1 AS one FROM "artworks" WHERE "artworks"."title" = ? AND "artworks"."artist_id" = ? LIMIT ?[0m  [["title", "Starry Night"], ["artist_id", 2], ["LIMIT", 1]]
  ↳ db/seeds.rb:17
  [1m[36mUser Load (0.2ms)[0m  [1m[34mSELECT  "users".* FROM "users" WHERE "users"."id" = ? LIMIT ?[0m  [["id", 2], ["LIMIT", 1]]
  ↳ db/seeds.rb:17
  [1m[36mArtwork Create (0.2ms)[0m  [1m[32mINSERT INTO "artworks" ("title", "image_url", "artist_id", "created_at", "updated_at") VALUES (?, ?, ?, ?, ?)[0m  [["title", "Starry Night"], ["image_url", "starry_night.jpg"], ["artist_id", 2], ["created_at", "2019-06-30 12:20:15.493991"], ["updated_at", "2019-06-30 12:20:15.493991"]]
  ↳ db/seeds.rb:17
  [1m[36mArtwork Exists (0.1ms)[0m  [1m[34mSELECT  1 AS one FROM "artworks" WHERE "artworks"."title" = ? AND "artworks"."artist_id" = ? LIMIT ?[0m  [["title", "Mona Lisa"], ["artist_id", 3], ["LIMIT", 1]]
  ↳ db/seeds.rb:18
  [1m[36mUser Load (0.1ms)[0m  [1m[34mSELECT  "users".* FROM "users" WHERE "users"."id" = ? LIMIT ?[0m  [["id", 3], ["LIMIT", 1]]
  ↳ db/seeds.rb:18
  [1m[36mArtwork Create (0.1ms)[0m  [1m[32mINSERT INTO "artworks" ("title", "image_url", "artist_id", "created_at", "updated_at") VALUES (?, ?, ?, ?, ?)[0m  [["title", "Mona Lisa"], ["image_url", "mona_lisa.jpg"], ["artist_id", 3], ["created_at", "2019-06-30 12:20:15.497012"], ["updated_at", "2019-06-30 12:20:15.497012"]]
  ↳ db/seeds.rb:18
  [1m[36mArtwork Exists (0.1ms)[0m  [1m[34mSELECT  1 AS one FROM "artworks" WHERE "artworks"."title" = ? AND "artworks"."artist_id" = ? LIMIT ?[0m  [["title", "Guernica"], ["artist_id", 1], ["LIMIT", 1]]
  ↳ db/seeds.rb:19
  [1m[36mUser Load (0.0ms)[0m  [1m[34mSELECT  "users".* FROM "users" WHERE "users"."id" = ? LIMIT ?[0m  [["id", 1], ["LIMIT", 1]]
  ↳ db/seeds.rb:19
  [1m[36mArtwork Create (0.1ms)[0m  [1m[32mINSERT INTO "artworks" ("title", "image_url", "artist_id", "created_at", "updated_at") VALUES (?, ?, ?, ?, ?)[0m  [["title", "Guernica"], ["image_url", "guernica.jpg"], ["artist_id", 1], ["created_at", "2019-06-30 12:20:15.499373"], ["updated_at", "2019-06-30 12:20:15.499373"]]
  ↳ db/seeds.rb:19
  [1m[36mArtworkShare Exists (0.1ms)[0m  [1m[34mSELECT  1 AS one FROM "artwork_shares" WHERE "artwork_shares"."artwork_id" = ? AND "artwork_shares"."viewer_id" = ? LIMIT ?[0m  [["artwork_id", 2], ["viewer_id", 4], ["LIMIT", 1]]
  ↳ db/seeds.rb:21
  [1m[36mUser Load (0.1ms)[0m  [1m[34mSELECT  "users".* FROM "users" WHERE "users"."id" = ? LIMIT ?[0m  [["id", 4], ["LIMIT", 1]]
  ↳ db/seeds.rb:21
  [1m[36mArtwork Load (0.1ms)[0m  [1m[34mSELECT  "artworks".* FROM "artworks" WHERE "artworks"."id" = ? LIMIT ?[0m  [["id", 2], ["LIMIT", 1]]
  ↳ db/seeds.rb:21
  [1m[36mArtworkShare Create (0.6ms)[0m  [1m[32mINSERT INTO "artwork_shares" ("artwork_id", "viewer_id", "created_at", "updated_at") VALUES (?, ?, ?, ?)[0m  [["artwork_id", 2], ["viewer_id", 4], ["created_at", "2019-06-30 12:20:15.513245"], ["updated_at", "2019-06-30 12:20:15.513245"]]
  ↳ db/seeds.rb:21
  [1m[36mArtworkShare Exists (0.1ms)[0m  [1m[34mSELECT  1 AS one FROM "artwork_shares" WHERE "artwork_shares"."artwork_id" = ? AND "artwork_shares"."viewer_id" = ? LIMIT ?[0m  [["artwork_id", 2], ["viewer_id", 5], ["LIMIT", 1]]
  ↳ db/seeds.rb:22
  [1m[36mUser Load (0.1ms)[0m  [1m[34mSELECT  "users".* FROM "users" WHERE "users"."id" = ? LIMIT ?[0m  [["id", 5], ["LIMIT", 1]]
  ↳ db/seeds.rb:22
  [1m[36mArtwork Load (0.1ms)[0m  [1m[34mSELECT  "artworks".* FROM "artworks" WHERE "artworks"."id" = ? LIMIT ?[0m  [["id", 2], ["LIMIT", 1]]
  ↳ db/seeds.rb:22
  [1m[36mArtworkShare Create (0.1ms)[0m  [1m[32mINSERT INTO "artwork_shares" ("artwork_id", "viewer_id", "created_at", "updated_at") VALUES (?, ?, ?, ?)[0m  [["artwork_id", 2], ["viewer_id", 5], ["created_at", "2019-06-30 12:20:15.517845"], ["updated_at", "2019-06-30 12:20:15.517845"]]
  ↳ db/seeds.rb:22
  [1m[36mArtworkShare Exists (0.1ms)[0m  [1m[34mSELECT  1 AS one FROM "artwork_shares" WHERE "artwork_shares"."artwork_id" = ? AND "artwork_shares"."viewer_id" = ? LIMIT ?[0m  [["artwork_id", 1], ["viewer_id", 4], ["LIMIT", 1]]
  ↳ db/seeds.rb:23
  [1m[36mUser Load (0.0ms)[0m  [1m[34mSELECT  "users".* FROM "users" WHERE "users"."id" = ? LIMIT ?[0m  [["id", 4], ["LIMIT", 1]]
  ↳ db/seeds.rb:23
  [1m[36mArtwork Load (0.0ms)[0m  [1m[34mSELECT  "artworks".* FROM "artworks" WHERE "artworks"."id" = ? LIMIT ?[0m  [["id", 1], ["LIMIT", 1]]
  ↳ db/seeds.rb:23
  [1m[36mArtworkShare Create (0.1ms)[0m  [1m[32mINSERT INTO "artwork_shares" ("artwork_id", "viewer_id", "created_at", "updated_at") VALUES (?, ?, ?, ?)[0m  [["artwork_id", 1], ["viewer_id", 4], ["created_at", "2019-06-30 12:20:15.521230"], ["updated_at", "2019-06-30 12:20:15.521230"]]
  ↳ db/seeds.rb:23
  [1m[36mArtworkShare Exists (0.1ms)[0m  [1m[34mSELECT  1 AS one FROM "artwork_shares" WHERE "artwork_shares"."artwork_id" = ? AND "artwork_shares"."viewer_id" = ? LIMIT ?[0m  [["artwork_id", 3], ["viewer_id", 5], ["LIMIT", 1]]
  ↳ db/seeds.rb:24
  [1m[36mUser Load (0.0ms)[0m  [1m[34mSELECT  "users".* FROM "users" WHERE "users"."id" = ? LIMIT ?[0m  [["id", 5], ["LIMIT", 1]]
  ↳ db/seeds.rb:24
  [1m[36mArtwork Load (0.1ms)[0m  [1m[34mSELECT  "artworks".* FROM "artworks" WHERE "artworks"."id" = ? LIMIT ?[0m  [["id", 3], ["LIMIT", 1]]
  ↳ db/seeds.rb:24
  [1m[36mArtworkShare Create (0.1ms)[0m  [1m[32mINSERT INTO "artwork_shares" ("artwork_id", "viewer_id", "created_at", "updated_at") VALUES (?, ?, ?, ?)[0m  [["artwork_id", 3], ["viewer_id", 5], ["created_at", "2019-06-30 12:20:15.524753"], ["updated_at", "2019-06-30 12:20:15.524753"]]
  ↳ db/seeds.rb:24
  [1m[35m (0.9ms)[0m  [1m[36mcommit transaction[0m
  ↳ db/seeds.rb:8
  [1m[36mArtwork Load (0.9ms)[0m  [1m[34mSELECT  "artworks".* FROM "artworks" LIMIT ?[0m  [["LIMIT", 11]]
  [1m[36mArtworkShare Load (0.3ms)[0m  [1m[34mSELECT  "artwork_shares".* FROM "artwork_shares" LIMIT ?[0m  [["LIMIT", 11]]
  [1m[36mUser Load (0.3ms)[0m  [1m[34mSELECT  "users".* FROM "users" LIMIT ?[0m  [["LIMIT", 11]]
